<?xml version="1.0" encoding="UTF-8"?>
<!-- Generated by org.testng.reporters.JUnitXMLReporter -->
<testsuite hostname="DESKTOP-47B5LCS" ignored="0" name="Gudppl Automation Event" tests="2" failures="0" timestamp="07 Mar 2018 07:10:50 GMT" time="97.398" errors="0">
  <testcase name="commTest" time="20.513" classname="com.gudppl.Testcases.StoryCreateTestCase"/>
  <testcase name="testCeateStroy" time="61.51" classname="com.gudppl.Testcases.StoryCreateTestCase"/>
</testsuite> <!-- Gudppl Automation Event -->
