<?xml version="1.0" encoding="UTF-8"?>
<!-- Generated by org.testng.reporters.JUnitXMLReporter -->
<testsuite hostname="DESKTOP-47B5LCS" ignored="0" name="Gudppl Automation Test" tests="9" failures="0" timestamp="20 Feb 2018 07:23:34 GMT" time="152.38" errors="0">
  <testcase name="test_Home_Page_Appear_Correct" time="0.017" classname="com.gudppl.Testcases.EventCreateTestcase"/>
  <testcase name="test_Login_Page" time="14.585" classname="com.gudppl.Testcases.EventCreateTestcase"/>
  <testcase name="test_event_Create_Page" time="15.654" classname="com.gudppl.Testcases.EventCreateTestcase"/>
  <testcase name="test_Event_Create_Event_Page" time="9.727" classname="com.gudppl.Testcases.EventCreateTestcase"/>
  <testcase name="test_Casuses_Page" time="9.593" classname="com.gudppl.Testcases.EventCreateTestcase"/>
  <testcase name="test_AboutOpp_Page" time="25.629" classname="com.gudppl.Testcases.EventCreateTestcase"/>
  <testcase name="test_Volunteering_Page" time="9.659" classname="com.gudppl.Testcases.EventCreateTestcase"/>
  <testcase name="test_OppInfo_Page" time="22.218" classname="com.gudppl.Testcases.EventCreateTestcase"/>
  <testcase name="test_UploadPhoto_Page" time="31.315" classname="com.gudppl.Testcases.EventCreateTestcase"/>
</testsuite> <!-- Gudppl Automation Test -->
