<?xml version="1.0" encoding="UTF-8"?>
<!-- Generated by org.testng.reporters.JUnitXMLReporter -->
<testsuite hostname="DESKTOP-BADJCCG" ignored="0" name="Gudppl Automation Event" tests="2" failures="0" timestamp="12 Mar 2018 10:30:46 GMT" time="68.847" errors="0">
  <testcase name="commTest" time="20.458" classname="com.gudppl.Testcases.SearchTestcase"/>
  <testcase name="testSignUp" time="29.58" classname="com.gudppl.Testcases.SearchTestcase"/>
</testsuite> <!-- Gudppl Automation Event -->
