<?xml version="1.0" encoding="UTF-8"?>
<!-- Generated by org.testng.reporters.JUnitXMLReporter -->
<testsuite hostname="DESKTOP-47B5LCS" ignored="0" name="Gudppl Automation Test2" tests="7" failures="0" timestamp="20 Feb 2018 07:25:39 GMT" time="125.485" errors="0">
  <testcase name="test_Home_Page_Appear_Correct" time="0.007" classname="com.gudppl.Testcases.OrganizationCreateTestcase"/>
  <testcase name="test_Login_Page" time="14.499" classname="com.gudppl.Testcases.OrganizationCreateTestcase"/>
  <testcase name="test_organization_Create_Page" time="15.535" classname="com.gudppl.Testcases.OrganizationCreateTestcase"/>
  <testcase name="test_organization_Create_Org_Page" time="22.703" classname="com.gudppl.Testcases.OrganizationCreateTestcase"/>
  <testcase name="test_organization_Casuses_Page" time="9.58" classname="com.gudppl.Testcases.OrganizationCreateTestcase"/>
  <testcase name="test_organization_ContactInfo_Page" time="28.246" classname="com.gudppl.Testcases.OrganizationCreateTestcase"/>
  <testcase name="test_organization_ImageUpload_Page" time="21.042" classname="com.gudppl.Testcases.OrganizationCreateTestcase"/>
</testsuite> <!-- Gudppl Automation Test2 -->
