<?xml version="1.0" encoding="UTF-8"?>
<!-- Generated by org.testng.reporters.JUnitXMLReporter -->
<testsuite hostname="DESKTOP-47B5LCS" ignored="0" name="sample test" tests="4" failures="0" timestamp="17 Feb 2018 06:55:11 GMT" time="54.326" errors="0">
  <testcase name="test_Home_Page_Appear_Correct" time="0.013" classname="com.gudppl.Testcases.EventCreateTestcase"/>
  <testcase name="test_Login_Page" time="14.549" classname="com.gudppl.Testcases.EventCreateTestcase"/>
  <testcase name="event_Create_Page" time="15.586" classname="com.gudppl.Testcases.EventCreateTestcase"/>
  <testcase name="event_Create_Event_Page" time="6.419" classname="com.gudppl.Testcases.EventCreateTestcase"/>
</testsuite> <!-- sample test -->
